c:\users\vlad\source\repos\lr_8\lr_8\debug\vc142.pdb
c:\users\vlad\source\repos\lr_8\lr_8\debug\vc142.idb
c:\users\vlad\source\repos\lr_8\lr_8\debug\lr_8.obj
c:\users\vlad\source\repos\lr_8\lr_8\debug\source.obj
c:\users\vlad\source\repos\lr_8\lr_8\debug\source.nativecodeanalysis.sarif
c:\users\vlad\source\repos\lr_8\lr_8\debug\source.nativecodeanalysis.xml
c:\users\vlad\source\repos\lr_8\lr_8\debug\nativecodeanalysis.read.1.tlog
c:\users\vlad\source\repos\lr_8\lr_8\debug\vc.nativecodeanalysis.all.xml
c:\users\vlad\source\repos\lr_8\debug\lr_8.pdb
c:\users\vlad\source\repos\lr_8\debug\lr_8.exe.lastcodeanalysissucceeded
c:\users\vlad\source\repos\lr_8\lr_8\debug\lr_8.tlog\cl.command.1.tlog
c:\users\vlad\source\repos\lr_8\lr_8\debug\lr_8.tlog\cl.read.1.tlog
c:\users\vlad\source\repos\lr_8\lr_8\debug\lr_8.tlog\cl.write.1.tlog
c:\users\vlad\source\repos\lr_8\lr_8\debug\lr_8.tlog\link-cvtres.read.1.tlog
c:\users\vlad\source\repos\lr_8\lr_8\debug\lr_8.tlog\link-cvtres.write.1.tlog
c:\users\vlad\source\repos\lr_8\lr_8\debug\lr_8.tlog\link-rc.read.1.tlog
c:\users\vlad\source\repos\lr_8\lr_8\debug\lr_8.tlog\link-rc.write.1.tlog
c:\users\vlad\source\repos\lr_8\lr_8\debug\lr_8.tlog\link.command.1.tlog
c:\users\vlad\source\repos\lr_8\lr_8\debug\lr_8.tlog\link.read.1.tlog
c:\users\vlad\source\repos\lr_8\lr_8\debug\lr_8.tlog\link.write.1.tlog
